<?xml version="1.0" encoding="UTF-8"?>
<testsuite name="com.example.voice_assistant.VoiceAssistantApplicationTests" tests="1" skipped="0" failures="0" errors="0" timestamp="2026-07-09T10:30:10.230Z" hostname="HOSE2406102433A" time="1.989">
  <properties/>
  <testcase name="contextLoads()" classname="com.example.voice_assistant.VoiceAssistantApplicationTests" time="0.394"/>
  <system-out><![CDATA[16:30:10.338 [Test worker] INFO org.springframework.test.context.support.AnnotationConfigContextLoaderUtils -- Could not detect default configuration classes for test class [com.example.voice_assistant.VoiceAssistantApplicationTests]: VoiceAssistantApplicationTests does not declare any static, non-private, non-final, nested classes annotated with @Configuration.
16:30:10.415 [Test worker] INFO org.springframework.boot.test.context.SpringBootTestContextBootstrapper -- Found @SpringBootConfiguration com.example.voice_assistant.VoiceAssistantApplication for test class com.example.voice_assistant.VoiceAssistantApplicationTests
16:30:10.463 [Test worker] INFO org.springframework.test.context.support.AnnotationConfigContextLoaderUtils -- Could not detect default configuration classes for test class [com.example.voice_assistant.VoiceAssistantApplicationTests]: VoiceAssistantApplicationTests does not declare any static, non-private, non-final, nested classes annotated with @Configuration.
16:30:10.464 [Test worker] INFO org.springframework.boot.test.context.SpringBootTestContextBootstrapper -- Found @SpringBootConfiguration com.example.voice_assistant.VoiceAssistantApplication for test class com.example.voice_assistant.VoiceAssistantApplicationTests

  .   ____          _            __ _ _
 /\\ / ___'_ __ _ _(_)_ __  __ _ \ \ \ \
( ( )\___ | '_ | '_| | '_ \/ _` | \ \ \ \
 \\/  ___)| |_)| | | | | || (_| |  ) ) ) )
  '  |____| .__|_| |_|_| |_\__, | / / / /
 =========|_|==============|___/=/_/_/_/

 :: Spring Boot ::                (v4.1.0)

2026-07-09T16:30:10.627+06:00  INFO 17346 --- [voice-assistant] [    Test worker] c.e.v.VoiceAssistantApplicationTests     : Starting VoiceAssistantApplicationTests using Java 25 with PID 17346 (started by sakibuihaque in /home/sakibuihaque/Projects/My Spring Boot Projects/SELP/voice-assistant)
2026-07-09T16:30:10.628+06:00  INFO 17346 --- [voice-assistant] [    Test worker] c.e.v.VoiceAssistantApplicationTests     : No active profile set, falling back to 1 default profile: "default"
2026-07-09T16:30:11.601+06:00  INFO 17346 --- [voice-assistant] [    Test worker] o.s.b.w.a.WelcomePageHandlerMapping      : Adding welcome page: class path resource [static/index.html]
2026-07-09T16:30:11.818+06:00  INFO 17346 --- [voice-assistant] [    Test worker] c.e.v.VoiceAssistantApplicationTests     : Started VoiceAssistantApplicationTests in 1.316 seconds (process running for 2.066)
]]></system-out>
  <system-err><![CDATA[Mockito is currently self-attaching to enable the inline-mock-maker. This will no longer work in future releases of the JDK. Please add Mockito as an agent to your build as described in Mockito's documentation: https://javadoc.io/doc/org.mockito/mockito-core/latest/org.mockito/org/mockito/Mockito.html#0.3
WARNING: A Java agent has been loaded dynamically (/home/sakibuihaque/.gradle/caches/modules-2/files-2.1/net.bytebuddy/byte-buddy-agent/1.18.10/9426d28828bdcdf42666bb7a68c468279ea78f59/byte-buddy-agent-1.18.10.jar)
WARNING: If a serviceability tool is in use, please run with -XX:+EnableDynamicAgentLoading to hide this warning
WARNING: If a serviceability tool is not in use, please run with -Djdk.instrument.traceUsage for more information
WARNING: Dynamic loading of agents will be disallowed by default in a future release
]]></system-err>
</testsuite>
